<?xml version="1.0" encoding="UTF-8"?>
<testng-results skipped="0" failed="0" ignored="0" total="2" passed="2">
  <reporter-output>
    <line>
      <![CDATA[TestNG Framework Method2]]>
    </line>
    <line>
      <![CDATA[TestNG Framework Method1]]>
    </line>
  </reporter-output>
  <suite name="Default suite" duration-ms="27" started-at="2017-08-19T05:47:13Z" finished-at="2017-08-19T05:47:13Z">
    <groups>
    </groups>
    <test name="Default test" duration-ms="27" started-at="2017-08-19T05:47:13Z" finished-at="2017-08-19T05:47:13Z">
      <class name="TestNGEx.EX1">
        <test-method status="PASS" signature="method4()[pri:0, instance:TestNGEx.EX1@1fb3ab6]" name="method4" is-config="true" duration-ms="4" started-at="2017-08-19T11:17:13Z" finished-at="2017-08-19T11:17:13Z">
          <reporter-output>
          </reporter-output>
        </test-method> <!-- method4 -->
        <test-method status="PASS" signature="method2()[pri:1, instance:TestNGEx.EX1@1fb3ab6]" name="method2" duration-ms="4" started-at="2017-08-19T11:17:13Z" finished-at="2017-08-19T11:17:13Z">
          <reporter-output>
            <line>
              <![CDATA[TestNG Framework Method2]]>
            </line>
          </reporter-output>
        </test-method> <!-- method2 -->
        <test-method status="PASS" signature="method3()[pri:0, instance:TestNGEx.EX1@1fb3ab6]" name="method3" is-config="true" duration-ms="0" started-at="2017-08-19T11:17:13Z" finished-at="2017-08-19T11:17:13Z">
          <reporter-output>
          </reporter-output>
        </test-method> <!-- method3 -->
        <test-method status="PASS" signature="method4()[pri:0, instance:TestNGEx.EX1@1fb3ab6]" name="method4" is-config="true" duration-ms="0" started-at="2017-08-19T11:17:13Z" finished-at="2017-08-19T11:17:13Z">
          <reporter-output>
          </reporter-output>
        </test-method> <!-- method4 -->
        <test-method status="PASS" signature="method1()[pri:2, instance:TestNGEx.EX1@1fb3ab6]" name="method1" duration-ms="1" started-at="2017-08-19T11:17:13Z" finished-at="2017-08-19T11:17:13Z">
          <reporter-output>
            <line>
              <![CDATA[TestNG Framework Method1]]>
            </line>
          </reporter-output>
        </test-method> <!-- method1 -->
        <test-method status="PASS" signature="method3()[pri:0, instance:TestNGEx.EX1@1fb3ab6]" name="method3" is-config="true" duration-ms="1" started-at="2017-08-19T11:17:13Z" finished-at="2017-08-19T11:17:13Z">
          <reporter-output>
          </reporter-output>
        </test-method> <!-- method3 -->
      </class> <!-- TestNGEx.EX1 -->
    </test> <!-- Default test -->
  </suite> <!-- Default suite -->
</testng-results>
